<?xml version="1.0" encoding="UTF-8"?>
<testsuite xmlns:xsi="http://www.w3.org/2001/XMLSchema-instance" xsi:noNamespaceSchemaLocation="https://maven.apache.org/surefire/maven-surefire-plugin/xsd/surefire-test-report-3.0.xsd" version="3.0" name="com.appium.mobile.runner.TestRunner" time="78.674" tests="3" errors="0" skipped="0" failures="0">
  <properties>
[...]
</properties>
  <testcase name="Add to cart page" classname="Cart page features" time="34.303">
    <system-out><![CDATA[
Scenario: Add to cart page       # src/test/resources/Features/CartPage.feature:3
Inside getInstance method of DriverManager
Driver instance created Successfully
  Given User is on Cart page     # com.appium.mobile.steps.CartStepDefination.userOnCartPage()
  Then Check list of items added # com.appium.mobile.steps.CartStepDefination.verifyListOfItem()
Inside getInstance method of DriverManager
Driver instance created Successfully
===Driver closed Successfully===
]]></system-out>
    <system-err><![CDATA[SLF4J: No SLF4J providers were found.
SLF4J: Defaulting to no-operation (NOP) logger implementation
SLF4J: See https://www.slf4j.org/codes.html#noProviders for further details.
]]></system-err>
  </testcase>
  <testcase name="Home Page title" classname="Home page features" time="21.182">
    <system-out><![CDATA[
Scenario: Home Page title    # src/test/resources/Features/HomePage.feature:3
Inside getInstance method of DriverManager
Driver instance created Successfully
User is on Home Page
  Given User is on Home Page # com.appium.mobile.steps.HomeStepDefination.user_is_on_home_page()
====Inside Home Page=======
Value of home page header is: Products
  Then Verify Tile           # com.appium.mobile.steps.HomeStepDefination.verify_tile()
===Driver closed Successfully===
]]></system-out>
  </testcase>
  <testcase name="Home page top menu" classname="Home page features" time="21.591">
    <system-out><![CDATA[
Scenario: Home page top menu           # src/test/resources/Features/HomePage.feature:7
Inside getInstance method of DriverManager
Driver instance created Successfully
User is on Home Page
  Given User is on Home Page           # com.appium.mobile.steps.HomeStepDefination.user_is_on_home_page()
===Inside Verify Menu Option Method====
Menu Option displayed Successfully
  Then Verify open menu option         # com.appium.mobile.steps.HomeStepDefination.verify_open_menu_option()
===Inside Verify Cart Icon Method====
Wating for web element
****Element is Clickable******
  Then Verify Cart option is clickable # com.appium.mobile.steps.HomeStepDefination.verify_cart_option_is_clickable()
===Driver closed Successfully===
]]></system-out>
  </testcase>
</testsuite>