<?xml version="1.0" encoding="UTF-8"?>
<testng-results ignored="0" total="3" passed="3" failed="0" skipped="0">
  <reporter-output>
  </reporter-output>
  <suite started-at="2023-11-06T12:13:08 IST" name="Surefire suite" finished-at="2023-11-06T12:15:44 IST" duration-ms="156968">
    <groups>
      <group name="cucumber">
        <method signature="AbstractTestNGCucumberTests.runScenario(io.cucumber.testng.PickleWrapper,io.cucumber.testng.FeatureWrapper)[pri:0, instance:com.appium.mobile.runner.TestRunner@18d87d80]" name="runScenario" class="io.cucumber.testng.AbstractTestNGCucumberTests"/>
      </group> <!-- cucumber -->
    </groups>
    <test started-at="2023-11-06T12:13:08 IST" name="Surefire test" finished-at="2023-11-06T12:15:44 IST" duration-ms="156968">
      <class name="com.appium.mobile.runner.TestRunner">
        <test-method is-config="true" signature="setUpClass(org.testng.ITestContext)[pri:0, instance:com.appium.mobile.runner.TestRunner@18d87d80]" started-at="2023-11-06T12:13:08 IST" name="setUpClass" finished-at="2023-11-06T12:13:09 IST" duration-ms="1347" status="PASS">
          <params>
            <param index="0">
              <value>
                <![CDATA[org.testng.TestRunner@79add732]]>
              </value>
            </param>
          </params>
          <reporter-output>
          </reporter-output>
        </test-method> <!-- setUpClass -->
        <test-method signature="runScenario(io.cucumber.testng.PickleWrapper,io.cucumber.testng.FeatureWrapper)[pri:0, instance:com.appium.mobile.runner.TestRunner@18d87d80]" started-at="2023-11-06T12:13:09 IST" name="runScenario" description="Runs Cucumber Scenarios" data-provider="scenarios" finished-at="2023-11-06T12:14:15 IST" duration-ms="65919" status="PASS">
          <params>
            <param index="0">
              <value>
                <![CDATA["Add to cart page"]]>
              </value>
            </param>
            <param index="1">
              <value>
                <![CDATA["Cart page features"]]>
              </value>
            </param>
          </params>
          <reporter-output>
          </reporter-output>
        </test-method> <!-- runScenario -->
        <test-method signature="runScenario(io.cucumber.testng.PickleWrapper,io.cucumber.testng.FeatureWrapper)[pri:0, instance:com.appium.mobile.runner.TestRunner@18d87d80]" started-at="2023-11-06T12:14:15 IST" name="runScenario" description="Runs Cucumber Scenarios" data-provider="scenarios" finished-at="2023-11-06T12:15:11 IST" duration-ms="55698" status="PASS">
          <params>
            <param index="0">
              <value>
                <![CDATA["Home Page title"]]>
              </value>
            </param>
            <param index="1">
              <value>
                <![CDATA["Home page features"]]>
              </value>
            </param>
          </params>
          <reporter-output>
          </reporter-output>
        </test-method> <!-- runScenario -->
        <test-method signature="runScenario(io.cucumber.testng.PickleWrapper,io.cucumber.testng.FeatureWrapper)[pri:0, instance:com.appium.mobile.runner.TestRunner@18d87d80]" started-at="2023-11-06T12:15:11 IST" name="runScenario" description="Runs Cucumber Scenarios" data-provider="scenarios" finished-at="2023-11-06T12:15:44 IST" duration-ms="33776" status="PASS">
          <params>
            <param index="0">
              <value>
                <![CDATA["Home page top menu"]]>
              </value>
            </param>
            <param index="1">
              <value>
                <![CDATA["Home page features"]]>
              </value>
            </param>
          </params>
          <reporter-output>
          </reporter-output>
        </test-method> <!-- runScenario -->
        <test-method is-config="true" signature="tearDownClass()[pri:0, instance:com.appium.mobile.runner.TestRunner@18d87d80]" started-at="2023-11-06T12:15:44 IST" name="tearDownClass" finished-at="2023-11-06T12:15:44 IST" duration-ms="112" status="PASS">
          <reporter-output>
          </reporter-output>
        </test-method> <!-- tearDownClass -->
      </class> <!-- com.appium.mobile.runner.TestRunner -->
    </test> <!-- Surefire test -->
  </suite> <!-- Surefire suite -->
</testng-results>
